TN:
SF:/home/saad/personal/klett/luft/src/core/aerodynamics.cpp
FN:7,_ZNK4luft12Aerodynamics7computeERKNS_13AircraftStateERKNS_14AircraftParamsERKNS_12ControlInputEd
FNDA:264112,_ZNK4luft12Aerodynamics7computeERKNS_13AircraftStateERKNS_14AircraftParamsERKNS_12ControlInputEd
FNF:1
FNH:1
BRDA:13,0,0,1368
BRDA:13,0,1,262744
BRF:2
BRH:2
DA:7,264112
DA:12,264112
DA:13,264112
DA:15,1368
DA:18,262744
DA:19,262744
DA:20,262744
DA:22,262744
DA:23,262744
DA:24,262744
DA:27,262744
DA:28,262744
DA:29,262744
DA:30,262744
DA:33,262744
DA:34,262744
DA:35,262744
DA:36,262744
DA:37,262744
DA:38,262744
DA:39,262744
DA:42,262744
DA:44,262744
DA:46,262744
DA:48,262744
DA:50,262744
DA:52,262744
DA:55,262744
DA:56,262744
DA:58,262744
DA:59,262744
DA:61,262744
DA:62,262744
DA:63,262744
DA:64,262744
DA:66,262744
DA:67,262744
DA:68,262744
DA:70,262744
LF:39
LH:39
end_of_record
TN:
SF:/home/saad/personal/klett/luft/src/core/aircraft_state.h
FN:22,_ZN4luft12ControlInput9clamp_allEv
FN:128,_ZNK4luft13AircraftState10total_massERKNS_14AircraftParamsE
FN:154,_ZN4luft14sim_state_nameENS_8SimStateE
FNDA:1861,_ZN4luft12ControlInput9clamp_allEv
FNDA:528160,_ZNK4luft13AircraftState10total_massERKNS_14AircraftParamsE
FNDA:8,_ZN4luft14sim_state_nameENS_8SimStateE
FNF:3
FNH:3
BRDA:156,0,0,0
BRDA:156,0,1,2
BRDA:156,0,2,2
BRDA:156,0,3,0
BRDA:156,0,4,4
BRDA:156,0,5,0
BRDA:156,0,6,0
BRF:7
BRH:3
DA:22,1861
DA:24,1861
DA:25,1861
DA:26,1861
DA:27,1861
DA:28,1861
DA:29,1861
DA:30,1861
DA:128,528160
DA:130,528160
DA:154,8
DA:156,8
DA:158,0
DA:159,0
DA:160,2
DA:161,2
DA:162,2
DA:163,2
DA:164,0
DA:165,0
DA:166,4
DA:167,4
DA:168,0
DA:169,0
DA:171,0
LF:25
LH:18
end_of_record
TN:
SF:/home/saad/personal/klett/luft/src/core/atmosphere.cpp
FN:8,_ZNK4luft10Atmosphere7computeEd
FNDA:44678,_ZNK4luft10Atmosphere7computeEd
FNF:1
FNH:1
BRDA:11,0,0,2
BRDA:11,0,1,44676
BRDA:16,0,0,42674
BRDA:16,0,1,2004
BRDA:32,0,0,2000
BRDA:32,0,1,4
BRF:6
BRH:6
DA:8,44678
DA:10,44678
DA:11,44678
DA:12,2
DA:16,44678
DA:19,42674
DA:20,42674
DA:21,42674
DA:26,2004
DA:27,2004
DA:28,2004
DA:31,2004
DA:32,2004
DA:33,2004
DA:36,44678
DA:37,44678
DA:39,44678
LF:17
LH:17
end_of_record
TN:
SF:/home/saad/personal/klett/luft/src/core/config.cpp
FN:16,_ZN4luftL4trimERKNSt7__cxx1112basic_stringIcSt11char_traitsIcESaIcEEE
FN:25,_ZN4luftL8to_lowerERKNSt7__cxx1112basic_stringIcSt11char_traitsIcESaIcEEE
FN:29,_ZZN4luftL8to_lowerERKNSt7__cxx1112basic_stringIcSt11char_traitsIcESaIcEEEENKUlhE_clEh
FN:34,_ZN4luftL10parse_boolERKNSt7__cxx1112basic_stringIcSt11char_traitsIcESaIcEEE
FN:44,_ZN4luft11load_configERKNSt7__cxx1112basic_stringIcSt11char_traitsIcESaIcEEE
FN:162,_ZN4luft15validate_configERKNS_6ConfigERNSt7__cxx1112basic_stringIcSt11char_traitsIcESaIcEEE
FN:261,_ZN4luft14default_configEv
FNDA:384,_ZN4luftL4trimERKNSt7__cxx1112basic_stringIcSt11char_traitsIcESaIcEEE
FNDA:28,_ZN4luft11load_configERKNSt7__cxx1112basic_stringIcSt11char_traitsIcESaIcEEE
FNDA:60,_ZN4luft15validate_configERKNS_6ConfigERNSt7__cxx1112basic_stringIcSt11char_traitsIcESaIcEEE
FNDA:144,_ZN4luftL8to_lowerERKNSt7__cxx1112basic_stringIcSt11char_traitsIcESaIcEEE
FNDA:1646,_ZZN4luftL8to_lowerERKNSt7__cxx1112basic_stringIcSt11char_traitsIcESaIcEEEENKUlhE_clEh
FNDA:24,_ZN4luftL10parse_boolERKNSt7__cxx1112basic_stringIcSt11char_traitsIcESaIcEEE
FNDA:134,_ZN4luft14default_configEv
FNF:7
FNH:7
BRDA:19,0,0,6
BRDA:19,0,1,378
BRDA:20,0,0,6
BRDA:20,0,1,0
BRDA:36,0,0,24
BRDA:36,0,1,0
BRDA:36,0,2,24
BRDA:36,0,3,0
BRDA:37,0,0,20
BRDA:37,0,1,4
BRDA:37,0,2,18
BRDA:37,0,3,2
BRDA:37,0,4,4
BRDA:37,0,5,14
BRDA:46,0,0,28
BRDA:46,0,1,0
BRDA:48,0,0,28
BRDA:48,0,1,0
BRDA:49,0,0,28
BRDA:49,0,1,0
BRDA:49,0,2,2
BRDA:49,0,3,26
BRDA:51,0,0,2
BRDA:51,0,1,0
BRDA:51,0,2,2
BRDA:51,0,3,0
BRDA:51,0,4,2
BRDA:51,0,5,0
BRDA:51,0,6,2
BRDA:51,0,7,0
BRDA:55,0,0,26
BRDA:55,0,1,0
BRDA:55,0,2,26
BRDA:55,0,3,0
BRDA:55,0,4,26
BRDA:55,0,5,0
BRDA:55,0,6,26
BRDA:55,0,7,0
BRDA:59,0,0,154
BRDA:59,0,1,0
BRDA:59,0,2,154
BRDA:59,0,3,0
BRDA:59,0,4,128
BRDA:59,0,5,26
BRDA:62,0,0,128
BRDA:62,0,1,0
BRDA:65,0,0,122
BRDA:65,0,1,6
BRDA:65,0,2,122
BRDA:65,0,3,0
BRDA:65,0,4,4
BRDA:65,0,5,118
BRDA:65,0,6,10
BRDA:65,0,7,118
BRDA:69,0,0,2
BRDA:69,0,1,116
BRDA:71,0,0,2
BRDA:71,0,1,0
BRDA:71,0,2,2
BRDA:71,0,3,0
BRDA:71,0,4,2
BRDA:71,0,5,0
BRDA:71,0,6,2
BRDA:71,0,7,0
BRDA:75,0,0,116
BRDA:75,0,1,0
BRDA:75,0,2,116
BRDA:75,0,3,0
BRDA:75,0,4,116
BRDA:75,0,5,0
BRDA:76,0,0,116
BRDA:76,0,1,0
BRDA:76,0,2,116
BRDA:76,0,3,0
BRDA:79,0,0,112
BRDA:79,0,1,4
BRDA:79,0,2,4
BRDA:79,0,3,108
BRDA:79,0,4,4
BRDA:79,0,5,0
BRDA:79,0,6,4
BRDA:79,0,7,112
BRDA:80,0,0,4
BRDA:80,0,1,0
BRDA:86,0,0,18
BRDA:86,0,1,98
BRDA:87,0,0,16
BRDA:87,0,1,2
BRDA:88,0,0,2
BRDA:88,0,1,96
BRDA:89,0,0,2
BRDA:89,0,1,0
BRDA:91,0,0,4
BRDA:91,0,1,92
BRDA:92,0,0,4
BRDA:92,0,1,0
BRDA:93,0,0,8
BRDA:93,0,1,84
BRDA:94,0,0,6
BRDA:94,0,1,2
BRDA:95,0,0,2
BRDA:95,0,1,82
BRDA:96,0,0,2
BRDA:96,0,1,0
BRDA:97,0,0,4
BRDA:97,0,1,78
BRDA:98,0,0,4
BRDA:98,0,1,0
BRDA:99,0,0,8
BRDA:99,0,1,70
BRDA:100,0,0,8
BRDA:100,0,1,0
BRDA:101,0,0,2
BRDA:101,0,1,68
BRDA:102,0,0,2
BRDA:102,0,1,0
BRDA:104,0,0,4
BRDA:104,0,1,64
BRDA:105,0,0,4
BRDA:105,0,1,0
BRDA:106,0,0,2
BRDA:106,0,1,62
BRDA:107,0,0,2
BRDA:107,0,1,0
BRDA:108,0,0,8
BRDA:108,0,1,54
BRDA:109,0,0,8
BRDA:109,0,1,0
BRDA:111,0,0,8
BRDA:111,0,1,46
BRDA:112,0,0,8
BRDA:112,0,1,0
BRDA:113,0,0,2
BRDA:113,0,1,44
BRDA:114,0,0,2
BRDA:114,0,1,0
BRDA:115,0,0,2
BRDA:115,0,1,42
BRDA:116,0,0,2
BRDA:116,0,1,0
BRDA:118,0,0,2
BRDA:118,0,1,40
BRDA:119,0,0,2
BRDA:119,0,1,0
BRDA:120,0,0,8
BRDA:120,0,1,32
BRDA:121,0,0,8
BRDA:121,0,1,0
BRDA:122,0,0,4
BRDA:122,0,1,28
BRDA:123,0,0,4
BRDA:123,0,1,0
BRDA:124,0,0,2
BRDA:124,0,1,26
BRDA:125,0,0,2
BRDA:125,0,1,0
BRDA:126,0,0,6
BRDA:126,0,1,20
BRDA:127,0,0,6
BRDA:127,0,1,0
BRDA:129,0,0,4
BRDA:129,0,1,16
BRDA:130,0,0,4
BRDA:130,0,1,0
BRDA:131,0,0,2
BRDA:131,0,1,14
BRDA:132,0,0,2
BRDA:132,0,1,0
BRDA:133,0,0,2
BRDA:133,0,1,12
BRDA:134,0,0,2
BRDA:134,0,1,0
BRDA:135,0,0,4
BRDA:135,0,1,8
BRDA:136,0,0,4
BRDA:136,0,1,0
BRDA:138,0,0,2
BRDA:138,0,1,6
BRDA:139,0,0,2
BRDA:139,0,1,0
BRDA:140,0,0,2
BRDA:140,0,1,4
BRDA:141,0,0,2
BRDA:141,0,1,0
BRDA:142,0,0,2
BRDA:142,0,1,2
BRDA:143,0,0,2
BRDA:143,0,1,0
BRDA:146,0,0,2
BRDA:146,0,1,0
BRDA:146,0,2,2
BRDA:146,0,3,0
BRDA:146,0,4,2
BRDA:146,0,5,0
BRDA:146,0,6,2
BRDA:146,0,7,0
BRDA:149,0,0,0
BRDA:149,0,1,4
BRDA:151,0,0,4
BRDA:151,0,1,0
BRDA:151,0,2,4
BRDA:151,0,3,0
BRDA:151,0,4,4
BRDA:151,0,5,0
BRDA:151,0,6,4
BRDA:151,0,7,0
BRDA:164,0,0,56
BRDA:164,0,1,4
BRDA:164,0,2,2
BRDA:164,0,3,54
BRDA:170,0,0,2
BRDA:170,0,1,52
BRDA:176,0,0,2
BRDA:176,0,1,50
BRDA:182,0,0,2
BRDA:182,0,1,48
BRDA:188,0,0,2
BRDA:188,0,1,46
BRDA:194,0,0,4
BRDA:194,0,1,42
BRDA:200,0,0,40
BRDA:200,0,1,2
BRDA:200,0,2,2
BRDA:200,0,3,38
BRDA:206,0,0,36
BRDA:206,0,1,2
BRDA:206,0,2,2
BRDA:206,0,3,34
BRDA:212,0,0,32
BRDA:212,0,1,2
BRDA:212,0,2,2
BRDA:212,0,3,30
BRDA:218,0,0,28
BRDA:218,0,1,2
BRDA:218,0,2,2
BRDA:218,0,3,26
BRDA:224,0,0,2
BRDA:224,0,1,24
BRDA:230,0,0,22
BRDA:230,0,1,2
BRDA:230,0,2,2
BRDA:230,0,3,20
BRDA:236,0,0,18
BRDA:236,0,1,2
BRDA:236,0,2,2
BRDA:236,0,3,16
BRDA:242,0,0,14
BRDA:242,0,1,2
BRDA:242,0,2,2
BRDA:242,0,3,12
BRDA:248,0,0,10
BRDA:248,0,1,2
BRDA:248,0,2,2
BRDA:248,0,3,8
BRDA:263,0,0,134
BRDA:263,0,1,0
BRDA:263,0,2,134
BRDA:263,0,3,0
BRDA:263,0,4,134
BRDA:263,0,5,0
BRDA:263,0,6,134
BRDA:263,0,7,0
BRDA:263,0,8,134
BRDA:263,0,9,0
BRF:264
BRH:197
DA:16,384
DA:18,384
DA:19,384
DA:20,6
DA:21,378
DA:22,378
DA:25,144
DA:27,144
DA:28,144
DA:29,1646
DA:30,1646
DA:31,144
DA:34,24
DA:36,24
DA:37,48
DA:38,24
DA:44,28
DA:46,28
DA:48,28
DA:49,28
DA:51,2
DA:52,2
DA:55,26
DA:57,26
DA:58,26
DA:59,154
DA:61,128
DA:62,128
DA:65,128
DA:66,12
DA:68,118
DA:69,118
DA:71,2
DA:72,2
DA:75,232
DA:76,116
DA:79,116
DA:80,4
DA:86,116
DA:87,18
DA:88,98
DA:89,2
DA:91,96
DA:92,4
DA:93,92
DA:94,8
DA:95,84
DA:96,2
DA:97,82
DA:98,4
DA:99,78
DA:100,8
DA:101,70
DA:102,2
DA:104,68
DA:105,4
DA:106,64
DA:107,2
DA:108,62
DA:109,8
DA:111,54
DA:112,8
DA:113,46
DA:114,2
DA:115,44
DA:116,2
DA:118,42
DA:119,2
DA:120,40
DA:121,8
DA:122,32
DA:123,4
DA:124,28
DA:125,2
DA:126,26
DA:127,6
DA:129,20
DA:130,4
DA:131,16
DA:132,2
DA:133,14
DA:134,2
DA:135,12
DA:136,4
DA:138,8
DA:139,2
DA:140,6
DA:141,2
DA:142,4
DA:143,2
DA:146,2
DA:149,4
DA:151,4
DA:152,4
DA:153,116
DA:155,26
DA:156,28
DA:162,60
DA:164,60
DA:166,6
DA:167,6
DA:170,54
DA:172,2
DA:173,2
DA:176,52
DA:178,2
DA:179,2
DA:182,50
DA:184,2
DA:185,2
DA:188,48
DA:190,2
DA:191,2
DA:194,46
DA:196,4
DA:197,4
DA:200,42
DA:202,4
DA:203,4
DA:206,38
DA:208,4
DA:209,4
DA:212,34
DA:214,4
DA:215,4
DA:218,30
DA:220,4
DA:221,4
DA:224,26
DA:226,2
DA:227,2
DA:230,24
DA:232,4
DA:233,4
DA:236,20
DA:238,4
DA:239,4
DA:242,16
DA:244,4
DA:245,4
DA:248,12
DA:250,4
DA:251,4
DA:254,8
DA:261,134
DA:263,134
LF:146
LH:146
end_of_record
TN:
SF:/home/saad/personal/klett/luft/src/core/engine_model.cpp
FN:7,_ZNK4luft11EngineModel6updateEddddRKNS_14AircraftParamsEd
FNDA:76256,_ZNK4luft11EngineModel6updateEddddRKNS_14AircraftParamsEd
FNF:1
FNH:1
BRDA:20,0,0,6
BRDA:20,0,1,76250
BRDA:25,0,0,2
BRDA:25,0,1,76254
BRF:4
BRH:4
DA:7,76256
DA:14,76256
DA:15,76256
DA:17,76256
DA:19,76256
DA:20,76256
DA:21,6
DA:23,76256
DA:24,76256
DA:25,76256
DA:26,2
DA:28,76256
DA:30,76256
LF:13
LH:13
end_of_record
TN:
SF:/home/saad/personal/klett/luft/src/core/flight_dynamics.cpp
FN:7,_ZNK4luft14FlightDynamics19compute_derivativesERKNS_13AircraftStateERKNS_14AircraftParamsERKNS_12ControlInputERKNS_15AtmosphereStateERKNS_9WindStateE
FN:97,_ZN4luft14FlightDynamics6updateERNS_13AircraftStateERKNS_14AircraftParamsERKNS_12ControlInputERKNS_15AtmosphereStateERKNS_9WindStateEd
FN:125,_ZZN4luft14FlightDynamics6updateERNS_13AircraftStateERKNS_14AircraftParamsERKNS_12ControlInputERKNS_15AtmosphereStateERKNS_9WindStateEdENKUlRKNS0_16StateDerivativesEdE_clESH_d
FNDA:264080,_ZNK4luft14FlightDynamics19compute_derivativesERKNS_13AircraftStateERKNS_14AircraftParamsERKNS_12ControlInputERKNS_15AtmosphereStateERKNS_9WindStateE
FNDA:66020,_ZN4luft14FlightDynamics6updateERNS_13AircraftStateERKNS_14AircraftParamsERKNS_12ControlInputERKNS_15AtmosphereStateERKNS_9WindStateEd
FNDA:198060,_ZZN4luft14FlightDynamics6updateERNS_13AircraftStateERKNS_14AircraftParamsERKNS_12ControlInputERKNS_15AtmosphereStateERKNS_9WindStateEdENKUlRKNS0_16StateDerivativesEdE_clESH_d
FNF:3
FNH:3
BRDA:28,0,0,262716
BRDA:28,0,1,1364
BRDA:42,0,0,264080
BRDA:42,0,1,0
BRDA:86,0,0,0
BRDA:86,0,1,264080
BRDA:106,0,0,66020
BRDA:106,0,1,0
BRDA:112,0,0,10130
BRDA:112,0,1,55890
BRDA:134,0,0,66020
BRDA:134,0,1,0
BRDA:138,0,0,66020
BRDA:138,0,1,0
BRDA:142,0,0,66020
BRDA:142,0,1,0
BRDA:146,0,0,66020
BRDA:146,0,1,0
BRDA:163,0,0,20632
BRDA:163,0,1,45388
BRDA:167,0,0,20058
BRDA:167,0,1,574
BRDA:172,0,0,6014
BRDA:172,0,1,14618
BRDA:184,0,0,65648
BRDA:184,0,1,372
BRF:26
BRH:19
DA:7,264080
DA:15,264080
DA:18,264080
DA:21,264080
DA:22,264080
DA:23,264080
DA:26,264080
DA:27,264080
DA:28,264080
DA:30,262716
DA:31,262716
DA:32,262716
DA:36,1364
DA:37,1364
DA:38,1364
DA:42,264080
DA:45,264080
DA:46,264080
DA:49,264080
DA:50,264080
DA:53,264080
DA:54,264080
DA:57,264080
DA:58,264080
DA:61,264080
DA:65,264080
DA:66,264080
DA:67,264080
DA:68,264080
DA:70,264080
DA:71,264080
DA:74,264080
DA:75,264080
DA:76,264080
DA:77,264080
DA:80,264080
DA:81,264080
DA:82,264080
DA:85,264080
DA:86,264080
DA:87,0
DA:88,264080
DA:90,264080
DA:91,264080
DA:92,264080
DA:94,528160
DA:97,66020
DA:105,66020
DA:106,66020
DA:107,66020
DA:110,66020
DA:111,66020
DA:112,66020
DA:114,10130
DA:115,10130
DA:120,66020
DA:121,66020
DA:122,66020
DA:123,66020
DA:125,198060
DA:127,198060
DA:128,198060
DA:129,198060
DA:130,198060
DA:131,264080
DA:134,66020
DA:137,66020
DA:138,66020
DA:141,66020
DA:142,66020
DA:145,66020
DA:146,66020
DA:149,66020
DA:150,66020
DA:152,66020
DA:154,66020
DA:155,66020
DA:157,66020
DA:160,66020
DA:163,66020
DA:165,20632
DA:166,20632
DA:167,20632
DA:169,20058
DA:171,20632
DA:172,20632
DA:174,6014
DA:175,6014
DA:180,66020
DA:181,66020
DA:182,66020
DA:183,66020
DA:184,66020
DA:186,65648
DA:187,65648
DA:191,372
DA:192,372
DA:194,66020
DA:195,66020
LF:99
LH:98
end_of_record
TN:
SF:/home/saad/personal/klett/luft/src/core/input_manager.cpp
FN:33,_ZN4luft12InputManager6updateERKNS_12ControlInputE
FN:45,_ZNK4luft12InputManager17get_control_inputEv
FN:51,_ZN4luft12InputManager15set_sensitivityEddd
FN:60,_ZN4luft12InputManager5resetEv
FN:71,_ZN4luft12InputManager12register_keyEiNS_11ControlAxisEd
FN:77,_ZN4luft12InputManager16handle_key_eventEib
FN:83,_ZN4luft12InputManager12process_keysEv
FN:100,_ZN4luft12InputManager20apply_axis_incrementENS_11ControlAxisEd
FN:129,_ZN4luft12InputManager22setup_default_mappingsEv
FNDA:422,_ZN4luft12InputManager12process_keysEv
FNDA:34,_ZNK4luft12InputManager17get_control_inputEv
FNDA:16,_ZN4luft12InputManager22setup_default_mappingsEv
FNDA:178,_ZN4luft12InputManager12register_keyEiNS_11ControlAxisEd
FNDA:6,_ZN4luft12InputManager6updateERKNS_12ControlInputE
FNDA:4,_ZN4luft12InputManager15set_sensitivityEddd
FNDA:420,_ZN4luft12InputManager20apply_axis_incrementENS_11ControlAxisEd
FNDA:24,_ZN4luft12InputManager16handle_key_eventEib
FNDA:6,_ZN4luft12InputManager5resetEv
FNF:9
FNH:9
BRDA:35,0,0,6
BRDA:35,0,1,0
BRDA:47,0,0,34
BRDA:47,0,1,0
BRDA:53,0,0,4
BRDA:53,0,1,0
BRDA:57,0,0,4
BRDA:57,0,1,0
BRDA:57,0,2,2
BRDA:57,0,3,2
BRDA:57,0,4,2
BRDA:57,0,5,0
BRDA:57,0,6,2
BRDA:57,0,7,0
BRDA:62,0,0,6
BRDA:62,0,1,0
BRDA:73,0,0,178
BRDA:73,0,1,0
BRDA:74,0,0,178
BRDA:74,0,1,0
BRDA:79,0,0,24
BRDA:79,0,1,0
BRDA:80,0,0,24
BRDA:80,0,1,0
BRDA:85,0,0,422
BRDA:85,0,1,0
BRDA:86,0,0,422
BRDA:86,0,1,422
BRDA:88,0,0,2
BRDA:88,0,1,420
BRDA:91,0,0,420
BRDA:91,0,1,0
BRDA:92,0,0,420
BRDA:92,0,1,0
BRDA:102,0,0,408
BRDA:102,0,1,4
BRDA:102,0,2,4
BRDA:102,0,3,4
BRDA:102,0,4,0
BRDA:102,0,5,0
BRDA:102,0,6,0
BRDA:159,0,0,16
BRDA:159,0,1,0
BRF:43
BRH:25
DA:33,6
DA:35,6
DA:36,6
DA:37,6
DA:38,6
DA:39,6
DA:40,6
DA:41,6
DA:42,6
DA:43,6
DA:45,34
DA:47,34
DA:48,34
DA:49,34
DA:51,4
DA:53,4
DA:54,4
DA:55,4
DA:56,4
DA:57,4
DA:58,4
DA:60,6
DA:62,6
DA:63,6
DA:64,6
DA:65,6
DA:71,178
DA:73,178
DA:74,178
DA:75,178
DA:77,24
DA:79,24
DA:80,24
DA:81,24
DA:83,422
DA:85,422
DA:86,844
DA:88,422
DA:89,2
DA:91,420
DA:92,420
DA:94,420
DA:97,422
DA:98,422
DA:100,420
DA:102,420
DA:104,408
DA:105,408
DA:106,408
DA:107,4
DA:108,4
DA:109,4
DA:110,4
DA:111,4
DA:112,4
DA:113,4
DA:114,4
DA:115,4
DA:116,0
DA:117,0
DA:118,0
DA:119,0
DA:120,0
DA:121,0
DA:123,420
DA:129,16
DA:131,16
DA:132,16
DA:133,16
DA:134,16
DA:137,16
DA:138,16
DA:141,16
DA:142,16
DA:145,16
DA:146,16
DA:149,16
DA:150,16
DA:153,16
DA:156,16
DA:157,16
DA:159,16
DA:160,16
LF:83
LH:77
end_of_record
TN:
SF:/home/saad/personal/klett/luft/src/core/input_manager.h
FN:43,_ZN4luft12InputManagerC2Ev
FNDA:26,_ZN4luft12InputManagerC2Ev
FNF:1
FNH:1
DA:43,26
LF:1
LH:1
end_of_record
TN:
SF:/home/saad/personal/klett/luft/src/core/logger.cpp
FN:11,_ZN4luft6Logger8instanceEv
FN:17,_ZN4luft6LoggerC2Ev
FN:22,_ZN4luft6LoggerD2Ev
FN:33,_ZN4luft6Logger9set_levelENS_8LogLevelE
FN:38,_ZN4luft6Logger8set_fileERKNSt7__cxx1112basic_stringIcSt11char_traitsIcESaIcEEE
FN:49,_ZN4luft6Logger19set_console_enabledEb
FN:54,_ZN4luft6Logger14set_rate_limitEi
FN:59,_ZN4luft6Logger16check_rate_limitEv
FN:75,_ZN4luft6Logger3logENS_8LogLevelEPKciS3_z
FN:135,_ZN4luft6Logger10write_lineEPKciNS_8LogLevelE
FN:173,_ZN4luft6Logger5flushEv
FNDA:2548,_ZN4luft6Logger8instanceEv
FNDA:18,_ZN4luft6Logger5flushEv
FNDA:88,_ZN4luft6LoggerD2Ev
FNDA:88,_ZN4luft6LoggerC2Ev
FNDA:1193,_ZN4luft6Logger16check_rate_limitEv
FNDA:1108,_ZN4luft6Logger10write_lineEPKciNS_8LogLevelE
FNDA:28,_ZN4luft6Logger14set_rate_limitEi
FNDA:18,_ZN4luft6Logger8set_fileERKNSt7__cxx1112basic_stringIcSt11char_traitsIcESaIcEEE
FNDA:38,_ZN4luft6Logger9set_levelENS_8LogLevelE
FNDA:1195,_ZN4luft6Logger3logENS_8LogLevelEPKciS3_z
FNDA:46,_ZN4luft6Logger19set_console_enabledEb
FNF:11
FNH:11
BRDA:13,0,0,88
BRDA:13,0,1,2460
BRDA:13,0,2,88
BRDA:13,0,3,0
BRDA:25,0,0,9
BRDA:25,0,1,79
BRDA:40,0,0,18
BRDA:40,0,1,0
BRDA:41,0,0,9
BRDA:41,0,1,9
BRDA:43,0,0,9
BRDA:43,0,1,0
BRDA:44,0,0,9
BRDA:44,0,1,0
BRDA:46,0,0,18
BRDA:46,0,1,0
BRDA:62,0,0,1093
BRDA:62,0,1,100
BRDA:66,0,0,100
BRDA:66,0,1,0
BRDA:66,0,2,100
BRDA:66,0,3,0
BRDA:67,0,0,0
BRDA:67,0,1,100
BRDA:78,0,0,0
BRDA:78,0,1,1193
BRDA:81,0,0,1193
BRDA:81,0,1,0
BRDA:81,0,2,90
BRDA:81,0,3,1103
BRDA:87,0,0,1101
BRDA:87,0,1,0
BRDA:89,0,0,1098
BRDA:89,0,1,0
BRDA:99,0,0,64536
BRDA:99,0,1,1101
BRDA:101,0,0,56550
BRDA:101,0,1,7986
BRDA:101,0,2,20
BRDA:101,0,3,56530
BRDA:121,0,0,0
BRDA:121,0,1,1101
BRDA:123,0,0,0
BRDA:123,0,1,1101
BRDA:129,0,0,0
BRDA:129,0,1,1101
BRDA:132,0,0,1109
BRDA:132,0,1,0
BRDA:137,0,0,1110
BRDA:137,0,1,0
BRDA:139,0,0,274
BRDA:139,0,1,836
BRDA:141,0,0,40
BRDA:141,0,1,234
BRDA:142,0,0,274
BRDA:142,0,1,0
BRDA:145,0,0,964
BRDA:145,0,1,146
BRDA:147,0,0,964
BRDA:147,0,1,0
BRDA:151,0,0,16
BRDA:151,0,1,1094
BRDA:153,0,0,11
BRDA:153,0,1,5
BRDA:154,0,0,11
BRDA:154,0,1,0
BRDA:155,0,0,10
BRDA:155,0,1,6
BRDA:157,0,0,10
BRDA:157,0,1,0
BRDA:158,0,0,10
BRDA:158,0,1,0
BRDA:164,0,0,1094
BRDA:164,0,1,0
BRDA:164,0,2,1094
BRDA:164,0,3,0
BRDA:164,0,4,0
BRDA:164,0,5,1094
BRDA:166,0,0,-
BRDA:166,0,1,-
BRDA:167,0,0,-
BRDA:167,0,1,-
BRDA:175,0,0,18
BRDA:175,0,1,0
BRDA:176,0,0,17
BRDA:176,0,1,1
BRDA:177,0,0,17
BRDA:177,0,1,0
BRDA:178,0,0,18
BRDA:178,0,1,0
BRDA:179,0,0,18
BRDA:179,0,1,0
BRF:92
BRH:59
DA:11,2548
DA:13,2548
DA:14,2548
DA:17,88
DA:18,88
DA:20,88
DA:22,88
DA:24,88
DA:25,88
DA:27,9
DA:28,9
DA:29,9
DA:31,88
DA:33,38
DA:35,38
DA:36,38
DA:38,18
DA:40,18
DA:41,18
DA:43,9
DA:44,9
DA:46,18
DA:47,18
DA:49,46
DA:51,46
DA:52,46
DA:54,28
DA:56,28
DA:57,28
DA:59,1193
DA:61,1193
DA:62,1193
DA:63,1093
DA:65,100
DA:66,100
DA:67,100
DA:69,0
DA:70,0
DA:72,200
DA:75,1195
DA:78,1195
DA:79,90
DA:81,1193
DA:82,90
DA:85,1103
DA:86,1106
DA:87,1104
DA:88,0
DA:89,2207
DA:91,1098
DA:92,1098
DA:95,1109
DA:98,1101
DA:99,65637
DA:101,64536
DA:102,8006
DA:107,1101
DA:109,1101
DA:111,1101
DA:118,1101
DA:119,1101
DA:120,1101
DA:121,1101
DA:122,0
DA:123,1101
DA:124,0
DA:128,1101
DA:129,1101
DA:130,0
DA:132,1101
DA:135,1108
DA:137,1108
DA:139,1110
DA:141,274
DA:142,274
DA:145,1110
DA:147,964
DA:151,1110
DA:153,16
DA:154,11
DA:155,16
DA:157,10
DA:158,10
DA:163,1094
DA:164,1094
DA:166,0
DA:167,0
DA:168,0
DA:171,1110
DA:173,18
DA:175,18
DA:176,18
DA:177,17
DA:178,18
DA:179,18
DA:180,18
LF:96
LH:87
end_of_record
TN:
SF:/home/saad/personal/klett/luft/src/core/logger.h
FN:22,_ZN4luft14log_level_nameENS_8LogLevelE
FN:61,_ZNK4luft6Logger5levelEv
FNDA:603,_ZNK4luft6Logger5levelEv
FNDA:555,_ZN4luft14log_level_nameENS_8LogLevelE
FNF:2
FNH:2
BRDA:24,0,0,2
BRDA:24,0,1,2
BRDA:24,0,2,523
BRDA:24,0,3,18
BRDA:24,0,4,9
BRDA:24,0,5,1
BRDA:24,0,6,0
BRF:7
BRH:6
DA:22,555
DA:24,555
DA:26,2
DA:27,2
DA:28,2
DA:29,2
DA:30,523
DA:31,523
DA:32,18
DA:33,18
DA:34,9
DA:35,9
DA:36,1
DA:37,1
DA:39,0
DA:61,603
LF:16
LH:15
end_of_record
TN:
SF:/home/saad/personal/klett/luft/src/core/math_types.h
FN:36,_ZN4luft4Vec3C2Ev
FN:37,_ZN4luft4Vec3C2Eddd
FN:39,_ZNK4luft4Vec3plERKS0_
FN:40,_ZNK4luft4Vec3miERKS0_
FN:41,_ZNK4luft4Vec3mlEd
FN:42,_ZNK4luft4Vec3dvEd
FN:43,_ZN4luft4Vec3pLERKS0_
FN:50,_ZN4luft4Vec3mIERKS0_
FN:57,_ZN4luft4Vec3mLEd
FN:65,_ZNK4luft4Vec39magnitudeEv
FN:66,_ZNK4luft4Vec312magnitude_sqEv
FN:67,_ZNK4luft4Vec33dotERKS0_
FN:68,_ZNK4luft4Vec35crossERKS0_
FN:72,_ZNK4luft4Vec310normalizedEv
FN:80,_ZN4luft4Vec34zeroEv
FN:83,_ZN4luftmlEdRKNS_4Vec3E
FN:98,_ZN4luft10QuaternionC2Edddd
FN:100,_ZNK4luft10QuaternionmlERKS0_
FN:109,_ZNK4luft10Quaternion4normEv
FN:111,_ZNK4luft10Quaternion10normalizedEv
FN:119,_ZNK4luft10Quaternion9conjugateEv
FN:122,_ZNK4luft10Quaternion6rotateERKNS_4Vec3E
FN:130,_ZNK4luft10Quaternion14inverse_rotateERKNS_4Vec3E
FN:139,_ZNK4luft10Quaternion10derivativeERKNS_4Vec3E
FN:146,_ZNK4luft10QuaternionplERKS0_
FN:151,_ZNK4luft10QuaternionmlEd
FN:157,_ZNK4luft10Quaternion8to_eulerEv
FN:178,_ZN4luft10Quaternion10from_eulerEddd
FN:190,_ZN4luft10Quaternion8identityEv
FN:197,_ZN4luft5clampEddd
FN:203,_ZN4luft4lerpEddd
FNDA:330120,_ZNK4luft4Vec39magnitudeEv
FNDA:8,_ZN4luft4lerpEddd
FNDA:75,_ZN4luft10Quaternion8identityEv
FNDA:528166,_ZNK4luft4Vec35crossERKS0_
FNDA:2,_ZN4luftmlEdRKNS_4Vec3E
FNDA:4,_ZNK4luft4Vec33dotERKS0_
FNDA:1408,_ZN4luft4Vec3C2Ev
FNDA:4,_ZNK4luft4Vec310normalizedEv
FNDA:264092,_ZNK4luft10Quaternion4normEv
FNDA:284726,_ZNK4luft10Quaternion6rotateERKNS_4Vec3E
FNDA:396120,_ZNK4luft10QuaternionmlEd
FNDA:2033938,_ZNK4luft10QuaternionmlERKS0_
FNDA:6167284,_ZN4luft4Vec3C2Eddd
FNDA:1188364,_ZNK4luft4Vec3mlEd
FNDA:600196,_ZNK4luft10Quaternion14inverse_rotateERKNS_4Vec3E
FNDA:100,_ZN4luft10Quaternion10from_eulerEddd
FNDA:1914582,_ZNK4luft4Vec3plERKS0_
FNDA:462140,_ZNK4luft10QuaternionplERKS0_
FNDA:264084,_ZNK4luft4Vec3dvEd
FNDA:2,_ZN4luft4Vec3mIERKS0_
FNDA:458416,_ZN4luft5clampEddd
FNDA:2,_ZN4luft4Vec3pLERKS0_
FNDA:4,_ZNK4luft10Quaternion8to_eulerEv
FNDA:42622,_ZNK4luft4Vec312magnitude_sqEv
FNDA:2727273,_ZN4luft10QuaternionC2Edddd
FNDA:38,_ZN4luft4Vec34zeroEv
FNDA:884926,_ZNK4luft10Quaternion9conjugateEv
FNDA:2,_ZN4luft4Vec3mLEd
FNDA:594182,_ZNK4luft4Vec3miERKS0_
FNDA:264082,_ZNK4luft10Quaternion10derivativeERKNS_4Vec3E
FNDA:264086,_ZNK4luft10Quaternion10normalizedEv
FNF:31
FNH:31
BRDA:75,0,0,2
BRDA:75,0,1,2
BRDA:114,0,0,2
BRDA:114,0,1,264084
BRDA:165,0,0,0
BRDA:165,0,1,4
BRDA:199,0,0,10
BRDA:199,0,1,458406
BRDA:199,0,2,314
BRDA:199,0,3,458092
BRF:10
BRH:9
DA:36,1408
DA:37,6167284
DA:39,1914582
DA:40,594182
DA:41,1188364
DA:42,264084
DA:43,2
DA:45,2
DA:46,2
DA:47,2
DA:48,2
DA:50,2
DA:52,2
DA:53,2
DA:54,2
DA:55,2
DA:57,2
DA:59,2
DA:60,2
DA:61,2
DA:62,2
DA:65,330120
DA:66,42622
DA:67,4
DA:68,528166
DA:70,528166
DA:72,4
DA:74,4
DA:75,4
DA:76,2
DA:77,2
DA:80,38
DA:83,2
DA:98,2727273
DA:100,2033938
DA:103,2033938
DA:104,2033938
DA:105,2033938
DA:106,2033938
DA:109,264092
DA:111,264086
DA:113,264086
DA:114,264086
DA:115,2
DA:116,264084
DA:119,884926
DA:122,284726
DA:124,284726
DA:125,284726
DA:126,284726
DA:130,600196
DA:132,600196
DA:133,600196
DA:134,600196
DA:139,264082
DA:141,264082
DA:142,264082
DA:143,264082
DA:146,462140
DA:148,462140
DA:151,396120
DA:153,396120
DA:157,4
DA:159,4
DA:160,4
DA:161,4
DA:163,4
DA:165,4
DA:166,0
DA:168,4
DA:170,4
DA:171,4
DA:172,4
DA:174,4
DA:178,100
DA:180,100
DA:181,100
DA:182,100
DA:184,100
DA:185,100
DA:186,100
DA:187,100
DA:190,75
DA:197,458416
DA:199,458416
DA:200,458416
DA:203,8
DA:205,8
LF:88
LH:87
end_of_record
TN:
SF:/home/saad/personal/klett/luft/src/core/net/message_codec.cpp
FN:14,_ZN4luft12MessageCodec4feedEPKhm
FN:20,_ZNK4luft12MessageCodec11has_messageEv
FN:25,_ZN4luft12MessageCodec11pop_messageEv
FN:32,_ZN4luft12MessageCodec9try_parseEv
FN:73,_ZN4luft12MessageCodec6encodeENS_11MessageTypeEtPKhm
FN:98,_ZN4luft12_GLOBAL__N_112write_doubleERSt6vectorIhSaIhEEd
FN:104,_ZN4luft12_GLOBAL__N_111read_doubleERPKh
FN:136,_ZN4luft12MessageCodec19serialize_telemetryERKNS_13AircraftStateENS_8SimStateE
FN:189,_ZN4luft12MessageCodec25deserialize_control_inputEPKhmRNS_12ControlInputE
FN:212,_ZN4luft12MessageCodec23deserialize_sim_commandEPKhmRNS_14SimCommandTypeE
FNDA:2,_ZN4luft12MessageCodec19serialize_telemetryERKNS_13AircraftStateENS_8SimStateE
FNDA:14,_ZN4luft12MessageCodec11pop_messageEv
FNDA:4,_ZN4luft12MessageCodec25deserialize_control_inputEPKhmRNS_12ControlInputE
FNDA:32,_ZN4luft12MessageCodec4feedEPKhm
FNDA:14,_ZN4luft12MessageCodec6encodeENS_11MessageTypeEtPKhm
FNDA:18,_ZN4luft12MessageCodec23deserialize_sim_commandEPKhmRNS_14SimCommandTypeE
FNDA:38,_ZN4luft12_GLOBAL__N_112write_doubleERSt6vectorIhSaIhEEd
FNDA:32,_ZN4luft12MessageCodec9try_parseEv
FNDA:12,_ZN4luft12_GLOBAL__N_111read_doubleERPKh
FNDA:22,_ZNK4luft12MessageCodec11has_messageEv
FNF:10
FNH:10
BRDA:16,0,0,32
BRDA:16,0,1,0
BRDA:34,0,0,22
BRDA:34,0,1,24
BRDA:39,0,0,22
BRDA:39,0,1,0
BRDA:39,0,2,2
BRDA:39,0,3,20
BRDA:41,0,0,2
BRDA:41,0,1,0
BRDA:41,0,2,2
BRDA:41,0,3,0
BRDA:41,0,4,2
BRDA:41,0,5,0
BRDA:41,0,6,2
BRDA:41,0,7,0
BRDA:47,0,0,6
BRDA:47,0,1,14
BRDA:55,0,0,6
BRDA:55,0,1,8
BRDA:57,0,0,6
BRDA:57,0,1,0
BRDA:61,0,0,14
BRDA:61,0,1,0
BRDA:64,0,0,14
BRDA:64,0,1,0
BRDA:77,0,0,14
BRDA:77,0,1,0
BRDA:85,0,0,6
BRDA:85,0,1,8
BRDA:101,0,0,38
BRDA:101,0,1,0
BRDA:140,0,0,2
BRDA:140,0,1,0
BRDA:143,0,0,2
BRDA:143,0,1,0
BRDA:144,0,0,2
BRDA:144,0,1,0
BRDA:145,0,0,2
BRDA:145,0,1,0
BRDA:148,0,0,2
BRDA:148,0,1,0
BRDA:149,0,0,2
BRDA:149,0,1,0
BRDA:150,0,0,2
BRDA:150,0,1,0
BRDA:153,0,0,2
BRDA:153,0,1,0
BRDA:154,0,0,2
BRDA:154,0,1,0
BRDA:155,0,0,2
BRDA:155,0,1,0
BRDA:156,0,0,2
BRDA:156,0,1,0
BRDA:159,0,0,2
BRDA:159,0,1,0
BRDA:160,0,0,2
BRDA:160,0,1,0
BRDA:161,0,0,2
BRDA:161,0,1,0
BRDA:164,0,0,2
BRDA:164,0,1,0
BRDA:165,0,0,2
BRDA:165,0,1,0
BRDA:166,0,0,2
BRDA:166,0,1,0
BRDA:167,0,0,2
BRDA:167,0,1,0
BRDA:170,0,0,2
BRDA:170,0,1,0
BRDA:171,0,0,2
BRDA:171,0,1,0
BRDA:174,0,0,2
BRDA:174,0,1,0
BRDA:192,0,0,2
BRDA:192,0,1,2
BRDA:194,0,0,2
BRDA:194,0,1,0
BRDA:194,0,2,2
BRDA:194,0,3,0
BRDA:194,0,4,2
BRDA:194,0,5,0
BRDA:194,0,6,2
BRDA:194,0,7,0
BRDA:215,0,0,2
BRDA:215,0,1,16
BRDA:217,0,0,2
BRDA:217,0,1,0
BRDA:222,0,0,14
BRDA:222,0,1,2
BRDA:222,0,2,2
BRDA:222,0,3,12
BRDA:225,0,0,4
BRDA:225,0,1,0
BRF:94
BRH:56
DA:14,32
DA:16,32
DA:17,32
DA:18,32
DA:20,22
DA:22,22
DA:25,14
DA:27,14
DA:28,14
DA:29,14
DA:32,32
DA:34,46
DA:36,22
DA:39,22
DA:41,2
DA:42,2
DA:43,8
DA:47,20
DA:48,6
DA:50,14
DA:52,14
DA:53,14
DA:54,14
DA:55,14
DA:57,6
DA:58,6
DA:61,14
DA:64,14
DA:65,14
DA:66,14
DA:73,14
DA:76,14
DA:77,14
DA:80,14
DA:81,14
DA:82,14
DA:83,14
DA:85,14
DA:86,6
DA:88,28
DA:98,38
DA:100,38
DA:101,38
DA:102,38
DA:104,12
DA:107,12
DA:108,12
DA:109,12
DA:136,2
DA:139,2
DA:140,2
DA:143,2
DA:144,2
DA:145,2
DA:148,2
DA:149,2
DA:150,2
DA:153,2
DA:154,2
DA:155,2
DA:156,2
DA:159,2
DA:160,2
DA:161,2
DA:164,2
DA:165,2
DA:166,2
DA:167,2
DA:170,2
DA:171,2
DA:174,2
DA:176,2
DA:177,0
DA:189,4
DA:192,4
DA:194,2
DA:195,2
DA:198,2
DA:199,2
DA:200,2
DA:201,2
DA:202,2
DA:203,2
DA:204,2
DA:205,2
DA:212,18
DA:215,18
DA:217,2
DA:218,2
DA:221,16
DA:222,16
DA:225,4
DA:226,4
DA:229,12
DA:230,12
LF:95
LH:94
end_of_record
TN:
SF:/home/saad/personal/klett/luft/src/core/net/protocol.h
FN:57,_ZN4luft11pack_headerEPhRKNS_13MessageHeaderE
FN:66,_ZN4luft13unpack_headerEPKh
FNDA:48,_ZN4luft13unpack_headerEPKh
FNDA:44,_ZN4luft11pack_headerEPhRKNS_13MessageHeaderE
FNF:2
FNH:2
DA:57,44
DA:60,44
DA:61,44
DA:62,44
DA:63,44
DA:64,44
DA:66,48
DA:69,48
DA:71,48
DA:72,48
DA:73,48
DA:74,48
LF:12
LH:12
end_of_record
TN:
SF:/home/saad/personal/klett/luft/src/core/net/socket.cpp
FN:20,_ZN4luft9TcpSocketC2Ei
FN:22,_ZN4luft9TcpSocketD2Ev
FN:24,_ZN4luft9TcpSocketC2EOS0_
FN:29,_ZN4luft9TcpSocketaSEOS0_
FN:40,_ZN4luft9TcpSocket5closeEv
FN:49,_ZN4luft9TcpSocket15set_nonblockingEv
FN:65,_ZN4luft9TcpSocket13set_reuseaddrEv
FN:76,_ZN4luft9TcpSocket11set_nodelayEv
FN:87,_ZN4luft9TcpSocket10send_bytesEPKhm
FN:110,_ZN4luft9TcpSocket10recv_bytesEPhm
FN:139,_ZN4luft11TcpListenerC2Ev
FN:141,_ZN4luft11TcpListenerD2Ev
FN:143,_ZN4luft11TcpListenerC2EOS0_
FN:148,_ZN4luft11TcpListeneraSEOS0_
FN:159,_ZN4luft11TcpListener5closeEv
FN:168,_ZN4luft11TcpListener15bind_and_listenERKNSt7__cxx1112basic_stringIcSt11char_traitsIcESaIcEEEti
FN:232,_ZN4luft11TcpListener17accept_connectionEv
FNDA:40,_ZN4luft9TcpSocketC2Ei
FNDA:2,_ZN4luft11TcpListenerC2EOS0_
FNDA:26,_ZN4luft11TcpListenerC2Ev
FNDA:54,_ZN4luft11TcpListener5closeEv
FNDA:2,_ZN4luft9TcpSocket13set_reuseaddrEv
FNDA:4,_ZN4luft9TcpSocket10send_bytesEPKhm
FNDA:2,_ZN4luft9TcpSocket11set_nodelayEv
FNDA:2,_ZN4luft9TcpSocket15set_nonblockingEv
FNDA:24,_ZN4luft11TcpListener15bind_and_listenERKNSt7__cxx1112basic_stringIcSt11char_traitsIcESaIcEEEti
FNDA:14,_ZN4luft9TcpSocketaSEOS0_
FNDA:68,_ZN4luft9TcpSocket5closeEv
FNDA:42,_ZN4luft9TcpSocketD2Ev
FNDA:28,_ZN4luft11TcpListenerD2Ev
FNDA:10,_ZN4luft11TcpListener17accept_connectionEv
FNDA:8,_ZN4luft9TcpSocket10recv_bytesEPhm
FNDA:2,_ZN4luft11TcpListeneraSEOS0_
FNDA:2,_ZN4luft9TcpSocketC2EOS0_
FNF:17
FNH:17
BRDA:31,0,0,14
BRDA:31,0,1,0
BRDA:42,0,0,18
BRDA:42,0,1,50
BRDA:52,0,0,0
BRDA:52,0,1,2
BRDA:54,0,0,-
BRDA:54,0,1,-
BRDA:57,0,0,0
BRDA:57,0,1,2
BRDA:59,0,0,-
BRDA:59,0,1,-
BRDA:68,0,0,0
BRDA:68,0,1,2
BRDA:70,0,0,-
BRDA:70,0,1,-
BRDA:70,0,2,-
BRDA:70,0,3,-
BRDA:70,0,4,-
BRDA:70,0,5,-
BRDA:70,0,6,-
BRDA:70,0,7,-
BRDA:79,0,0,0
BRDA:79,0,1,2
BRDA:81,0,0,-
BRDA:81,0,1,-
BRDA:81,0,2,-
BRDA:81,0,3,-
BRDA:81,0,4,-
BRDA:81,0,5,-
BRDA:81,0,6,-
BRDA:81,0,7,-
BRDA:92,0,0,2
BRDA:92,0,1,2
BRDA:96,0,0,0
BRDA:96,0,1,2
BRDA:98,0,0,2
BRDA:98,0,1,0
BRDA:98,0,2,0
BRDA:98,0,3,2
BRDA:100,0,0,2
BRDA:100,0,1,0
BRDA:100,0,2,0
BRDA:100,0,3,2
BRDA:102,0,0,-
BRDA:102,0,1,-
BRDA:105,0,0,2
BRDA:105,0,1,0
BRDA:115,0,0,2
BRDA:115,0,1,6
BRDA:117,0,0,2
BRDA:117,0,1,4
BRDA:121,0,0,0
BRDA:121,0,1,4
BRDA:123,0,0,2
BRDA:123,0,1,2
BRDA:123,0,2,0
BRDA:123,0,3,2
BRDA:125,0,0,0
BRDA:125,0,1,2
BRDA:127,0,0,-
BRDA:127,0,1,-
BRDA:130,0,0,2
BRDA:130,0,1,0
BRDA:150,0,0,2
BRDA:150,0,1,0
BRDA:161,0,0,24
BRDA:161,0,1,30
BRDA:171,0,0,0
BRDA:171,0,1,24
BRDA:173,0,0,-
BRDA:173,0,1,-
BRDA:173,0,2,-
BRDA:173,0,3,-
BRDA:173,0,4,-
BRDA:173,0,5,-
BRDA:173,0,6,-
BRDA:173,0,7,-
BRDA:180,0,0,0
BRDA:180,0,1,24
BRDA:182,0,0,-
BRDA:182,0,1,-
BRDA:182,0,2,-
BRDA:182,0,3,-
BRDA:182,0,4,-
BRDA:182,0,5,-
BRDA:182,0,6,-
BRDA:182,0,7,-
BRDA:183,0,0,-
BRDA:183,0,1,-
BRDA:188,0,0,24
BRDA:188,0,1,0
BRDA:189,0,0,24
BRDA:189,0,1,0
BRDA:189,0,2,24
BRDA:189,0,3,0
BRDA:189,0,4,0
BRDA:189,0,5,24
BRDA:189,0,6,0
BRDA:189,0,7,24
BRDA:191,0,0,-
BRDA:191,0,1,-
BRDA:191,0,2,-
BRDA:191,0,3,-
BRDA:191,0,4,-
BRDA:191,0,5,-
BRDA:191,0,6,-
BRDA:191,0,7,-
BRDA:192,0,0,-
BRDA:192,0,1,-
BRDA:200,0,0,22
BRDA:200,0,1,2
BRDA:200,0,2,2
BRDA:200,0,3,20
BRDA:200,0,4,4
BRDA:200,0,5,20
BRDA:206,0,0,2
BRDA:206,0,1,18
BRDA:208,0,0,2
BRDA:208,0,1,0
BRDA:208,0,2,2
BRDA:208,0,3,0
BRDA:208,0,4,2
BRDA:208,0,5,0
BRDA:208,0,6,2
BRDA:208,0,7,0
BRDA:209,0,0,2
BRDA:209,0,1,0
BRDA:214,0,0,0
BRDA:214,0,1,22
BRDA:216,0,0,-
BRDA:216,0,1,-
BRDA:216,0,2,-
BRDA:216,0,3,-
BRDA:216,0,4,-
BRDA:216,0,5,-
BRDA:216,0,6,-
BRDA:216,0,7,-
BRDA:217,0,0,-
BRDA:217,0,1,-
BRDA:221,0,0,0
BRDA:221,0,1,22
BRDA:223,0,0,-
BRDA:223,0,1,-
BRDA:223,0,2,-
BRDA:223,0,3,-
BRDA:223,0,4,-
BRDA:223,0,5,-
BRDA:223,0,6,-
BRDA:223,0,7,-
BRDA:224,0,0,-
BRDA:224,0,1,-
BRDA:228,0,0,22
BRDA:228,0,1,0
BRDA:228,0,2,22
BRDA:228,0,3,0
BRDA:228,0,4,22
BRDA:228,0,5,0
BRDA:228,0,6,22
BRDA:228,0,7,0
BRDA:239,0,0,10
BRDA:239,0,1,0
BRDA:241,0,0,8
BRDA:241,0,1,2
BRDA:245,0,0,8
BRDA:245,0,1,0
BRDA:245,0,2,8
BRDA:245,0,3,0
BRDA:245,0,4,8
BRDA:245,0,5,0
BRDA:245,0,6,8
BRDA:245,0,7,0
BRDA:251,0,0,0
BRDA:251,0,1,2
BRDA:253,0,0,0
BRDA:253,0,1,2
BRDA:253,0,2,0
BRDA:253,0,3,0
BRDA:257,0,0,-
BRDA:257,0,1,-
BRDA:257,0,2,-
BRDA:257,0,3,-
BRDA:257,0,4,-
BRDA:257,0,5,-
BRDA:257,0,6,-
BRDA:257,0,7,-
BRF:186
BRH:63
DA:20,40
DA:22,42
DA:24,2
DA:26,2
DA:27,2
DA:29,14
DA:31,14
DA:33,14
DA:34,14
DA:35,14
DA:37,14
DA:40,68
DA:42,68
DA:44,18
DA:45,18
DA:47,68
DA:49,2
DA:51,2
DA:52,2
DA:54,0
DA:55,0
DA:57,2
DA:59,0
DA:60,0
DA:62,2
DA:65,2
DA:67,2
DA:68,2
DA:70,0
DA:71,0
DA:73,2
DA:76,2
DA:78,2
DA:79,2
DA:81,0
DA:82,0
DA:84,2
DA:87,4
DA:91,4
DA:92,4
DA:93,2
DA:95,2
DA:96,2
DA:97,0
DA:98,2
DA:99,0
DA:100,2
DA:102,0
DA:103,0
DA:105,2
DA:106,2
DA:107,0
DA:110,8
DA:114,8
DA:115,8
DA:116,2
DA:117,6
DA:118,2
DA:120,4
DA:121,4
DA:122,0
DA:123,4
DA:124,2
DA:125,2
DA:127,0
DA:128,0
DA:130,2
DA:131,2
DA:132,0
DA:139,26
DA:141,28
DA:143,2
DA:145,2
DA:146,2
DA:148,2
DA:150,2
DA:152,2
DA:153,2
DA:154,2
DA:156,2
DA:159,54
DA:161,54
DA:163,24
DA:164,24
DA:166,54
DA:168,24
DA:170,24
DA:171,24
DA:173,0
DA:174,0
DA:179,24
DA:180,24
DA:182,0
DA:183,0
DA:184,0
DA:188,24
DA:189,24
DA:191,0
DA:192,0
DA:193,0
DA:196,24
DA:197,24
DA:198,24
DA:200,24
DA:202,4
DA:206,20
DA:208,2
DA:209,2
DA:210,2
DA:214,22
DA:216,0
DA:217,0
DA:218,0
DA:221,22
DA:223,0
DA:224,0
DA:225,0
DA:228,22
DA:229,22
DA:232,10
DA:234,10
DA:235,10
DA:239,10
DA:241,10
DA:244,8
DA:245,8
DA:247,8
DA:250,2
DA:251,2
DA:252,0
DA:253,2
DA:255,2
DA:257,0
DA:258,0
DA:259,0
LF:135
LH:100
end_of_record
TN:
SF:/home/saad/personal/klett/luft/src/core/net/socket.h
FN:26,_ZNK4luft9TcpSocket2fdEv
FN:27,_ZNK4luft9TcpSocket5validEv
FN:67,_ZNK4luft11TcpListener2fdEv
FN:68,_ZNK4luft11TcpListener5validEv
FNDA:7,_ZNK4luft9TcpSocket2fdEv
FNDA:13,_ZNK4luft9TcpSocket5validEv
FNDA:8,_ZNK4luft11TcpListener5validEv
FNDA:12,_ZNK4luft11TcpListener2fdEv
FNF:4
FNH:4
DA:26,7
DA:27,13
DA:67,12
DA:68,8
LF:4
LH:4
end_of_record
TN:
SF:/home/saad/personal/klett/luft/src/core/simulation_engine.cpp
FN:13,_ZN4luft16SimulationEngine10initializeERKNS_6ConfigE
FN:67,_ZN4luft16SimulationEngine5startEv
FN:81,_ZN4luft16SimulationEngine5pauseEv
FN:95,_ZN4luft16SimulationEngine6resumeEv
FN:109,_ZN4luft16SimulationEngine4stopEv
FN:123,_ZN4luft16SimulationEngine5resetERKNS_6ConfigE
FN:134,_ZN4luft16SimulationEngine4stepEv
FN:183,_ZN4luft16SimulationEngine17set_control_inputERKNS_12ControlInputE
FN:191,_ZNK4luft16SimulationEngine9get_stateEv
FN:197,_ZNK4luft16SimulationEngine13get_sim_stateEv
FN:203,_ZNK4luft16SimulationEngine12get_sim_timeEv
FN:209,_ZNK4luft16SimulationEngine14get_tick_countEv
FN:219,_ZNK4luft16SimulationEngine19is_valid_transitionENS_8SimStateES1_
FN:248,_ZN4luft16SimulationEngine13transition_toENS_8SimStateE
FN:258,_ZN4luft16SimulationEngine20check_state_validityEv
FNDA:14,_ZN4luft16SimulationEngine5pauseEv
FNDA:6,_ZN4luft16SimulationEngine5resetERKNS_6ConfigE
FNDA:1433,_ZN4luft16SimulationEngine17set_control_inputERKNS_12ControlInputE
FNDA:42620,_ZN4luft16SimulationEngine20check_state_validityEv
FNDA:20,_ZNK4luft16SimulationEngine12get_sim_timeEv
FNDA:40050,_ZNK4luft16SimulationEngine13get_sim_stateEv
FNDA:76,_ZNK4luft16SimulationEngine19is_valid_transitionENS_8SimStateES1_
FNDA:76,_ZN4luft16SimulationEngine13transition_toENS_8SimStateE
FNDA:56,_ZN4luft16SimulationEngine5startEv
FNDA:42626,_ZN4luft16SimulationEngine4stepEv
FNDA:14,_ZN4luft16SimulationEngine4stopEv
FNDA:10,_ZNK4luft16SimulationEngine14get_tick_countEv
FNDA:3470,_ZNK4luft16SimulationEngine9get_stateEv
FNDA:72,_ZN4luft16SimulationEngine10initializeERKNS_6ConfigE
FNDA:6,_ZN4luft16SimulationEngine6resumeEv
FNF:15
FNH:15
BRDA:15,0,0,72
BRDA:15,0,1,0
BRDA:44,0,0,2
BRDA:44,0,1,70
BRDA:46,0,0,2
BRDA:46,0,1,0
BRDA:50,0,0,70
BRDA:50,0,1,0
BRDA:62,0,0,72
BRDA:62,0,1,0
BRDA:62,0,2,72
BRDA:62,0,3,0
BRDA:62,0,4,72
BRDA:62,0,5,0
BRDA:62,0,6,72
BRDA:62,0,7,0
BRDA:69,0,0,56
BRDA:69,0,1,0
BRDA:71,0,0,2
BRDA:71,0,1,54
BRDA:73,0,0,2
BRDA:73,0,1,0
BRDA:73,0,2,2
BRDA:73,0,3,0
BRDA:73,0,4,2
BRDA:73,0,5,0
BRDA:73,0,6,2
BRDA:73,0,7,0
BRDA:78,0,0,54
BRDA:78,0,1,0
BRDA:78,0,2,54
BRDA:78,0,3,0
BRDA:78,0,4,54
BRDA:78,0,5,0
BRDA:78,0,6,54
BRDA:78,0,7,0
BRDA:79,0,0,54
BRDA:79,0,1,2
BRDA:83,0,0,14
BRDA:83,0,1,0
BRDA:85,0,0,4
BRDA:85,0,1,10
BRDA:87,0,0,4
BRDA:87,0,1,0
BRDA:87,0,2,4
BRDA:87,0,3,0
BRDA:87,0,4,4
BRDA:87,0,5,0
BRDA:87,0,6,4
BRDA:87,0,7,0
BRDA:92,0,0,10
BRDA:92,0,1,0
BRDA:92,0,2,10
BRDA:92,0,3,0
BRDA:92,0,4,10
BRDA:92,0,5,0
BRDA:92,0,6,10
BRDA:92,0,7,0
BRDA:93,0,0,10
BRDA:93,0,1,4
BRDA:97,0,0,6
BRDA:97,0,1,0
BRDA:99,0,0,2
BRDA:99,0,1,4
BRDA:101,0,0,2
BRDA:101,0,1,0
BRDA:101,0,2,2
BRDA:101,0,3,0
BRDA:101,0,4,2
BRDA:101,0,5,0
BRDA:101,0,6,2
BRDA:101,0,7,0
BRDA:106,0,0,4
BRDA:106,0,1,0
BRDA:106,0,2,4
BRDA:106,0,3,0
BRDA:106,0,4,4
BRDA:106,0,5,0
BRDA:106,0,6,4
BRDA:106,0,7,0
BRDA:107,0,0,4
BRDA:107,0,1,2
BRDA:111,0,0,14
BRDA:111,0,1,0
BRDA:113,0,0,2
BRDA:113,0,1,12
BRDA:115,0,0,2
BRDA:115,0,1,0
BRDA:115,0,2,2
BRDA:115,0,3,0
BRDA:115,0,4,2
BRDA:115,0,5,0
BRDA:115,0,6,2
BRDA:115,0,7,0
BRDA:120,0,0,12
BRDA:120,0,1,0
BRDA:120,0,2,12
BRDA:120,0,3,0
BRDA:120,0,4,12
BRDA:120,0,5,0
BRDA:120,0,6,12
BRDA:120,0,7,0
BRDA:121,0,0,12
BRDA:121,0,1,2
BRDA:127,0,0,6
BRDA:127,0,1,0
BRDA:136,0,0,42626
BRDA:136,0,1,0
BRDA:138,0,0,6
BRDA:138,0,1,42620
BRDA:144,0,0,42620
BRDA:144,0,1,0
BRDA:145,0,0,42620
BRDA:145,0,1,0
BRDA:151,0,0,42620
BRDA:151,0,1,0
BRDA:154,0,0,42620
BRDA:154,0,1,0
BRDA:154,0,2,0
BRDA:154,0,3,42620
BRDA:157,0,0,-
BRDA:157,0,1,-
BRDA:157,0,2,-
BRDA:157,0,3,-
BRDA:157,0,4,-
BRDA:157,0,5,-
BRDA:157,0,6,-
BRDA:157,0,7,-
BRDA:169,0,0,0
BRDA:169,0,1,42620
BRDA:177,0,0,42620
BRDA:177,0,1,6
BRDA:185,0,0,1433
BRDA:185,0,1,0
BRDA:193,0,0,3470
BRDA:193,0,1,0
BRDA:199,0,0,40050
BRDA:199,0,1,0
BRDA:205,0,0,20
BRDA:205,0,1,0
BRDA:211,0,0,10
BRDA:211,0,1,0
BRDA:221,0,0,0
BRDA:221,0,1,62
BRDA:221,0,2,14
BRDA:221,0,3,0
BRDA:221,0,4,0
BRDA:221,0,5,0
BRDA:221,0,6,0
BRDA:224,0,0,-
BRDA:224,0,1,-
BRDA:224,0,2,-
BRDA:224,0,3,-
BRDA:227,0,0,8
BRDA:227,0,1,54
BRDA:227,0,2,4
BRDA:227,0,3,4
BRDA:234,0,0,-
BRDA:234,0,1,-
BRDA:234,0,2,-
BRDA:234,0,3,-
BRDA:234,0,4,-
BRDA:234,0,5,-
BRDA:234,0,6,-
BRDA:234,0,7,-
BRDA:250,0,0,8
BRDA:250,0,1,68
BRDA:264,0,0,42620
BRDA:264,0,1,0
BRDA:264,0,2,42620
BRDA:264,0,3,0
BRDA:264,0,4,0
BRDA:264,0,5,42620
BRDA:264,0,6,0
BRDA:264,0,7,42620
BRDA:266,0,0,-
BRDA:266,0,1,-
BRDA:270,0,0,42620
BRDA:270,0,1,0
BRDA:270,0,2,42620
BRDA:270,0,3,0
BRDA:270,0,4,0
BRDA:270,0,5,42620
BRDA:270,0,6,0
BRDA:270,0,7,42620
BRDA:272,0,0,-
BRDA:272,0,1,-
BRDA:276,0,0,42620
BRDA:276,0,1,0
BRDA:276,0,2,42620
BRDA:276,0,3,0
BRDA:276,0,4,0
BRDA:276,0,5,42620
BRDA:276,0,6,0
BRDA:276,0,7,42620
BRDA:279,0,0,-
BRDA:279,0,1,-
BRDA:285,0,0,42620
BRDA:285,0,1,0
BRDA:285,0,2,42620
BRDA:285,0,3,0
BRDA:285,0,4,42620
BRDA:285,0,5,0
BRDA:285,0,6,0
BRDA:285,0,7,42620
BRDA:285,0,8,0
BRDA:285,0,9,42620
BRDA:287,0,0,-
BRDA:287,0,1,-
BRDA:292,0,0,42620
BRDA:292,0,1,0
BRDA:292,0,2,42620
BRDA:292,0,3,0
BRDA:292,0,4,0
BRDA:292,0,5,42620
BRDA:292,0,6,0
BRDA:292,0,7,42620
BRDA:294,0,0,-
BRDA:294,0,1,-
BRDA:300,0,0,0
BRDA:300,0,1,42620
BRDA:302,0,0,-
BRDA:302,0,1,-
BRF:223
BRH:108
DA:13,72
DA:15,72
DA:17,72
DA:20,72
DA:23,72
DA:24,72
DA:26,72
DA:29,72
DA:30,72
DA:33,72
DA:34,72
DA:37,72
DA:40,72
DA:43,72
DA:44,72
DA:46,2
DA:50,70
DA:54,72
DA:57,72
DA:58,72
DA:60,72
DA:62,72
DA:65,72
DA:67,56
DA:69,56
DA:71,56
DA:73,2
DA:75,2
DA:78,54
DA:79,56
DA:81,14
DA:83,14
DA:85,14
DA:87,4
DA:89,4
DA:92,10
DA:93,14
DA:95,6
DA:97,6
DA:99,6
DA:101,2
DA:103,2
DA:106,4
DA:107,6
DA:109,14
DA:111,14
DA:113,14
DA:115,2
DA:116,2
DA:119,12
DA:120,12
DA:121,14
DA:123,6
DA:126,6
DA:127,6
DA:128,6
DA:134,42626
DA:136,42626
DA:138,42626
DA:140,6
DA:144,42620
DA:145,42620
DA:148,42620
DA:151,42620
DA:154,42620
DA:156,0
DA:157,0
DA:158,0
DA:163,42620
DA:164,42620
DA:165,42620
DA:166,42620
DA:169,42620
DA:171,0
DA:175,42620
DA:176,42620
DA:177,42626
DA:183,1433
DA:185,1433
DA:187,1433
DA:188,1433
DA:189,1433
DA:191,3470
DA:193,3470
DA:194,3470
DA:195,3470
DA:197,40050
DA:199,40050
DA:200,40050
DA:201,40050
DA:203,20
DA:205,20
DA:206,20
DA:207,20
DA:209,10
DA:211,10
DA:212,10
DA:213,10
DA:219,76
DA:221,76
DA:223,0
DA:224,0
DA:226,62
DA:227,62
DA:229,14
DA:230,14
DA:232,0
DA:234,0
DA:236,0
DA:238,0
DA:240,0
DA:242,0
DA:245,0
DA:248,76
DA:250,76
DA:252,8
DA:254,68
DA:255,68
DA:258,42620
DA:260,42620
DA:261,42620
DA:264,42620
DA:266,0
DA:267,0
DA:270,42620
DA:272,0
DA:273,0
DA:276,85240
DA:277,42620
DA:279,0
DA:281,0
DA:284,42620
DA:285,42620
DA:287,0
DA:288,0
DA:291,42620
DA:292,42620
DA:294,0
DA:295,0
DA:299,42620
DA:300,42620
DA:302,0
DA:303,0
DA:306,42620
LF:144
LH:119
end_of_record
TN:
SF:/home/saad/personal/klett/luft/src/core/simulation_engine.h
FN:38,_ZN4luft16SimulationEngineC2Ev
FNDA:34,_ZN4luft16SimulationEngineC2Ev
FNF:1
FNH:1
DA:38,34
LF:1
LH:1
end_of_record
TN:
SF:/home/saad/personal/klett/luft/src/core/wind_model.cpp
FN:7,_ZN4luft9WindModel12set_constantENS_4Vec3E
FN:14,_ZN4luft9WindModel14set_with_gustsENS_4Vec3Ed
FN:21,_ZNK4luft9WindModel7computeEdd
FNDA:12,_ZN4luft9WindModel14set_with_gustsENS_4Vec3Ed
FNDA:80,_ZN4luft9WindModel12set_constantENS_4Vec3E
FNDA:44864,_ZNK4luft9WindModel7computeEdd
FNF:3
FNH:3
BRDA:25,0,0,218
BRDA:25,0,1,44646
BRDA:25,0,2,216
BRDA:25,0,3,2
BRDA:34,0,0,6
BRDA:34,0,1,210
BRF:6
BRH:6
DA:7,80
DA:9,80
DA:10,80
DA:11,80
DA:12,80
DA:14,12
DA:16,12
DA:17,12
DA:18,12
DA:19,12
DA:21,44864
DA:23,44864
DA:25,44864
DA:29,216
DA:30,216
DA:33,216
DA:34,216
DA:36,6
DA:39,216
DA:40,216
DA:41,216
DA:43,216
DA:44,216
DA:45,216
DA:48,44864
LF:25
LH:25
end_of_record
